
-----------------------------------------------------
TakeMoneyInfo
2016-09-12 09:37:43:
TakeMoney2取走了500

-----------------------------------------------------
TakeMoneyInfo
2016-09-12 09:37:43:
TakeMoney1取走了500

-----------------------------------------------------
TakeMoneyInfo
2016-09-12 09:37:43:
TakeMoney0取走了500

-----------------------------------------------------
TakeMoneyInfo
2016-09-12 09:37:43:
TakeMoney3取走了500

-----------------------------------------------------
TakeMoneyInfo
2016-09-12 09:37:43:
TakeMoney4取走了500

-----------------------------------------------------
TakeMoneyInfo
2016-09-12 09:37:43:
TakeMoney5取走了500

-----------------------------------------------------
TakeMoneyInfo
2016-09-12 09:37:43:
TakeMoney7取走了500

-----------------------------------------------------
TakeMoneyInfo
2016-09-12 09:37:43:
TakeMoney8取走了500

-----------------------------------------------------
TakeMoneyInfo
2016-09-12 09:37:43:
TakeMoney11取走了500

-----------------------------------------------------
TakeMoneyInfo
2016-09-12 09:37:43:
TakeMoney6取走了500

-----------------------------------------------------
TakeMoneyInfo
2016-09-12 09:37:43:
TakeMoney9取走了500

-----------------------------------------------------
TakeMoneyInfo
2016-09-12 09:37:43:
TakeMoney10取走了500

-----------------------------------------------------
TakeMoneyInfo
2016-09-12 17:15:15:
TakeMoney8取走了 500

-----------------------------------------------------
TakeMoneyInfo
2016-09-12 17:15:16:
TakeMoney1取走了 500

-----------------------------------------------------
TakeMoneyInfo
2016-09-12 17:15:16:
TakeMoney2取走了 500

-----------------------------------------------------
TakeMoneyInfo
2016-09-12 17:15:16:
TakeMoney0取走了 500

-----------------------------------------------------
TakeMoneyInfo
2016-09-12 17:15:16:
TakeMoney3取走了 500

-----------------------------------------------------
TakeMoneyInfo
2016-09-12 17:15:16:
TakeMoney4取走了 500

-----------------------------------------------------
TakeMoneyInfo
2016-09-12 17:15:16:
TakeMoney7取走了 500

-----------------------------------------------------
TakeMoneyInfo
2016-09-12 17:15:16:
TakeMoney10取走了 500

-----------------------------------------------------
TakeMoneyInfo
2016-09-12 17:15:16:
TakeMoney11取走了 500

-----------------------------------------------------
TakeMoneyInfo
2016-09-12 17:15:16:
TakeMoney9取走了 500

-----------------------------------------------------
TakeMoneyInfo
2016-09-12 17:15:16:
TakeMoney5对不起，已经没有钱了

-----------------------------------------------------
TakeMoneyInfo
2016-09-12 17:15:16:
TakeMoney6对不起，已经没有钱了
